Unity Editor version:    2021.3.8f1c1 (c20728c1e961)
Branch:                  2021.3/china_unity/release
Build type:              Release
Batch mode:              YES
macOS version:           Version 13.0 (Build 22A380)
Darwin version:          22.1.0
Architecture:            x86_64
Running under Rosetta:   YES
Available memory:        16384 MB
Using pre-set license
Pro License: YES

COMMAND LINE ARGUMENTS:
/Applications/Unity/Hub/Editor/2021.3.8f1c1/Unity.app/Contents/MacOS/Unity
-adb2
-batchMode
-noUpm
-name
AssetImportWorker5
-projectPath
/Users/weizhengliang/Unity Project/CattyGoCome
-logFile
Logs/AssetImportWorker5.log
-srvPort
58164
Successfully changed project path to: /Users/weizhengliang/Unity Project/CattyGoCome
/Users/weizhengliang/Unity Project/CattyGoCome
[UnityMemory] Configuration Parameters - Can be set up in boot.config
    "memorysetup-bucket-allocator-granularity=16"
    "memorysetup-bucket-allocator-bucket-count=8"
    "memorysetup-bucket-allocator-block-size=33554432"
    "memorysetup-bucket-allocator-block-count=8"
    "memorysetup-main-allocator-block-size=16777216"
    "memorysetup-thread-allocator-block-size=16777216"
    "memorysetup-gfx-main-allocator-block-size=16777216"
    "memorysetup-gfx-thread-allocator-block-size=16777216"
    "memorysetup-cache-allocator-block-size=4194304"
    "memorysetup-typetree-allocator-block-size=2097152"
    "memorysetup-profiler-bucket-allocator-granularity=16"
    "memorysetup-profiler-bucket-allocator-bucket-count=8"
    "memorysetup-profiler-bucket-allocator-block-size=33554432"
    "memorysetup-profiler-bucket-allocator-block-count=8"
    "memorysetup-profiler-allocator-block-size=16777216"
    "memorysetup-profiler-editor-allocator-block-size=1048576"
    "memorysetup-temp-allocator-size-main=16777216"
    "memorysetup-job-temp-allocator-block-size=2097152"
    "memorysetup-job-temp-allocator-block-size-background=1048576"
    "memorysetup-job-temp-allocator-reduction-small-platforms=262144"
    "memorysetup-temp-allocator-size-background-worker=32768"
    "memorysetup-temp-allocator-size-job-worker=262144"
    "memorysetup-temp-allocator-size-preload-manager=33554432"
    "memorysetup-temp-allocator-size-nav-mesh-worker=65536"
    "memorysetup-temp-allocator-size-audio-worker=65536"
    "memorysetup-temp-allocator-size-cloud-worker=32768"
    "memorysetup-temp-allocator-size-gi-baking-worker=262144"
    "memorysetup-temp-allocator-size-gfx=262144"
AS: AutoStreaming module initializing.
Refreshing native plugins compatible for Editor in 130.90 ms, found 3 plugins.
Preloading 0 native plugins for Editor in 0.00 ms.
Initialize engine version: 2021.3.8f1c1 (c20728c1e961)
[Subsystems] Discovering subsystems at path /Applications/Unity/Hub/Editor/2021.3.8f1c1/Unity.app/Contents/Resources/UnitySubsystems
[Subsystems] Discovering subsystems at path /Users/weizhengliang/Unity Project/CattyGoCome/Assets
GfxDevice: creating device client; threaded=0; jobified=0
 preferred device: Apple M1 (high power)
Metal devices available: 1
0: Apple M1 (high power)
Using device Apple M1 (high power)
Initializing Metal device caps: Apple M1
Initialize mono
Mono path[0] = '/Applications/Unity/Hub/Editor/2021.3.8f1c1/Unity.app/Contents/Managed'
Mono path[1] = '/Applications/Unity/Hub/Editor/2021.3.8f1c1/Unity.app/Contents/MonoBleedingEdge/lib/mono/unityjit-macos'
Mono config path = '/Applications/Unity/Hub/Editor/2021.3.8f1c1/Unity.app/Contents/MonoBleedingEdge/etc'
Using monoOptions --debugger-agent=transport=dt_socket,embedding=1,server=y,suspend=n,address=127.0.0.1:56137
Begin MonoManager ReloadAssembly
Registering precompiled unity dll's ...
Register platform support module: /Applications/Unity/Hub/Editor/2021.3.8f1c1/PlaybackEngines/WebGLSupport/UnityEditor.WebGL.Extensions.dll
Register platform support module: /Applications/Unity/Hub/Editor/2021.3.8f1c1/Unity.app/Contents/PlaybackEngines/MacStandaloneSupport/UnityEditor.OSXStandalone.Extensions.dll
Registered in 0.002539 seconds.
Native extension for OSXStandalone target not found
Native extension for WebGL target not found
Refreshing native plugins compatible for Editor in 120.02 ms, found 3 plugins.
Preloading 0 native plugins for Editor in 0.00 ms.
Mono: successfully reloaded assembly
- Completed reload, in  1.452 seconds
Domain Reload Profiling:
	ReloadAssembly (1453ms)
		BeginReloadAssembly (146ms)
			ExecutionOrderSort (0ms)
			DisableScriptedObjects (0ms)
			BackupInstance (0ms)
			ReleaseScriptingObjects (0ms)
			CreateAndSetChildDomain (3ms)
		EndReloadAssembly (1078ms)
			LoadAssemblies (144ms)
			RebuildTransferFunctionScriptingTraits (0ms)
			SetupTypeCache (113ms)
			ReleaseScriptCaches (0ms)
			RebuildScriptCaches (34ms)
			SetupLoadedEditorAssemblies (780ms)
				LogAssemblyErrors (0ms)
				InitializePlatformSupportModulesInManaged (19ms)
				SetLoadedEditorAssemblies (0ms)
				RefreshPlugins (120ms)
				BeforeProcessingInitializeOnLoad (3ms)
				ProcessInitializeOnLoadAttributes (466ms)
				ProcessInitializeOnLoadMethodAttributes (172ms)
				AfterProcessingInitializeOnLoad (0ms)
				EditorAssembliesLoaded (0ms)
			ExecutionOrderSort2 (0ms)
			AwakeInstancesAfterBackupRestoration (0ms)
Platform modules already initialized, skipping
Registering precompiled user dll's ...
Registered in 0.008055 seconds.
Begin MonoManager ReloadAssembly
Symbol file LoadedFromMemory doesn't match image /Users/weizhengliang/Unity Project/CattyGoCome/Library/PackageCache/com.unity.visualscripting@1.7.8/Editor/VisualScripting.Core/Dependencies/YamlDotNet/Unity.VisualScripting.YamlDotNet.dll
Symbol file LoadedFromMemory doesn't match image /Users/weizhengliang/Unity Project/CattyGoCome/Library/PackageCache/com.unity.visualscripting@1.7.8/Editor/VisualScripting.Core/Dependencies/DotNetZip/Unity.VisualScripting.IonicZip.dll
Native extension for OSXStandalone target not found
Native extension for WebGL target not found
Refreshing native plugins compatible for Editor in 118.36 ms, found 3 plugins.
Preloading 0 native plugins for Editor in 0.00 ms.
Mono: successfully reloaded assembly
- Completed reload, in  2.495 seconds
Domain Reload Profiling:
	ReloadAssembly (2498ms)
		BeginReloadAssembly (210ms)
			ExecutionOrderSort (0ms)
			DisableScriptedObjects (36ms)
			BackupInstance (0ms)
			ReleaseScriptingObjects (0ms)
			CreateAndSetChildDomain (20ms)
		EndReloadAssembly (2010ms)
			LoadAssemblies (126ms)
			RebuildTransferFunctionScriptingTraits (0ms)
			SetupTypeCache (251ms)
			ReleaseScriptCaches (1ms)
			RebuildScriptCaches (62ms)
			SetupLoadedEditorAssemblies (1357ms)
				LogAssemblyErrors (0ms)
				InitializePlatformSupportModulesInManaged (13ms)
				SetLoadedEditorAssemblies (0ms)
				RefreshPlugins (118ms)
				BeforeProcessingInitializeOnLoad (151ms)
				ProcessInitializeOnLoadAttributes (919ms)
				ProcessInitializeOnLoadMethodAttributes (153ms)
				AfterProcessingInitializeOnLoad (1ms)
				EditorAssembliesLoaded (0ms)
			ExecutionOrderSort2 (0ms)
			AwakeInstancesAfterBackupRestoration (12ms)
Platform modules already initialized, skipping
========================================================================
Worker process is ready to serve import requests
Launching external process: /Applications/Unity/Hub/Editor/2021.3.8f1c1/Unity.app/Contents/Tools/UnityShaderCompiler
Launched and connected shader compiler UnityShaderCompiler after 0.09 seconds
Refreshing native plugins compatible for Editor in 0.80 ms, found 3 plugins.
Preloading 0 native plugins for Editor in 0.00 ms.
Unloading 4089 Unused Serialized files (Serialized files now loaded: 0)
Unloading 43 unused Assets / (131.9 KB). Loaded Objects now: 4543.
Memory consumption went from 133.2 MB to 133.1 MB.
Total: 6.331042 ms (FindLiveObjects: 0.250208 ms CreateObjectMapping: 0.110875 ms MarkObjects: 5.749625 ms  DeleteObjects: 0.218541 ms)

AssetImportParameters requested are different than current active one (requested -> active):
  custom:video-decoder-ogg-theora: a1e56fd34408186e4bbccfd4996cb3dc -> 
  custom:container-muxer-webm: aa71ff27fc2769a1b78a27578f13a17b -> 
  custom:container-demuxer-webm: 4f35f7cbe854078d1ac9338744f61a02 -> 
  custom:video-encoder-webm-vp8: eb34c28f22e8b96e1ab97ce403110664 -> 
  custom:framework-osx-AVFoundation: e770b220cccbd017edd2c1fefb359320 -> 
  custom:audio-encoder-webm-vorbis: bf7c407c2cedff20999df2af8eb42d56 -> 
  custom:container-demuxer-ogg: 62fdf1f143b41e24485cea50d1cbac27 -> 
  custom:video-decoder-webm-vp8: 9c59270c3fd7afecdb556c50c9e8de78 -> 
  custom:audio-decoder-ogg-vorbis: bf7c407c2cedff20999df2af8eb42d56 -> 
========================================================================
Received Import Request.
  Time since last request: 266522.352589 seconds.
  path: Assets/Pixel Adventure 1/Assets/Items/Checkpoints/Checkpoint/Checkpoint (No Flag).png
  artifactKey: Guid(68f54e5fc0fa326458d3e18bdccce704) Importer(815301076,1909f56bfc062723c751e8b465ee728b)
Start importing Assets/Pixel Adventure 1/Assets/Items/Checkpoints/Checkpoint/Checkpoint (No Flag).png using Guid(68f54e5fc0fa326458d3e18bdccce704) Importer(815301076,1909f56bfc062723c751e8b465ee728b)  -> (artifact id: 'c5806fec280154e97751b2ea4b277011') in 0.288644 seconds 
========================================================================
Received Import Request.
  Time since last request: 7.516758 seconds.
  path: Assets/Pixel Adventure 1/Assets/Items/Fruits/Collected.png
  artifactKey: Guid(be1a5bd13766ec048bab6f4c578baa0f) Importer(815301076,1909f56bfc062723c751e8b465ee728b)
Start importing Assets/Pixel Adventure 1/Assets/Items/Fruits/Collected.png using Guid(be1a5bd13766ec048bab6f4c578baa0f) Importer(815301076,1909f56bfc062723c751e8b465ee728b)  -> (artifact id: '0e5e12a8556c3e7d523b54405cdb0d12') in 0.031519 seconds 
========================================================================
Received Import Request.
  Time since last request: 0.000112 seconds.
  path: Assets/Pixel Adventure 1/Assets/Items/Fruits/Melon.png
  artifactKey: Guid(031678d507e557a41b7a16fc33bf6c39) Importer(815301076,1909f56bfc062723c751e8b465ee728b)
Start importing Assets/Pixel Adventure 1/Assets/Items/Fruits/Melon.png using Guid(031678d507e557a41b7a16fc33bf6c39) Importer(815301076,1909f56bfc062723c751e8b465ee728b)  -> (artifact id: '347cbc7b33a5cec75eeddfd747d5bb40') in 0.066754 seconds 
========================================================================
Received Import Request.
  Time since last request: 0.000117 seconds.
  path: Assets/Pixel Adventure 1/Assets/Items/Fruits/Orange.png
  artifactKey: Guid(ffc9f271fad56c243a45f100b9dc6778) Importer(815301076,1909f56bfc062723c751e8b465ee728b)
Start importing Assets/Pixel Adventure 1/Assets/Items/Fruits/Orange.png using Guid(ffc9f271fad56c243a45f100b9dc6778) Importer(815301076,1909f56bfc062723c751e8b465ee728b)  -> (artifact id: 'd802f53ef9a7f2b637efd94eaca14b30') in 0.063310 seconds 
========================================================================
Received Import Request.
  Time since last request: 0.705701 seconds.
  path: Assets/Pixel Adventure 1/Assets/Main Characters/Mask Dude/Hit (32x32).png
  artifactKey: Guid(b234dd527243d1042a19b2cf7ef17cd7) Importer(815301076,1909f56bfc062723c751e8b465ee728b)
Start importing Assets/Pixel Adventure 1/Assets/Main Characters/Mask Dude/Hit (32x32).png using Guid(b234dd527243d1042a19b2cf7ef17cd7) Importer(815301076,1909f56bfc062723c751e8b465ee728b)  -> (artifact id: '7d9b45b941c6ccba95570dbf813a5cc2') in 0.035987 seconds 
========================================================================
Received Import Request.
  Time since last request: 8.301765 seconds.
  path: Assets/Pixel Adventure 1/Assets/Terrain/Tiles/Terrain (16x16) 1_2.asset
  artifactKey: Guid(b050c89bf27a47c44a83e798a25fd6c9) Importer(815301076,1909f56bfc062723c751e8b465ee728b)
Start importing Assets/Pixel Adventure 1/Assets/Terrain/Tiles/Terrain (16x16) 1_2.asset using Guid(b050c89bf27a47c44a83e798a25fd6c9) Importer(815301076,1909f56bfc062723c751e8b465ee728b)  -> (artifact id: '74f7aed2b99d513667e792c6ae073795') in 0.145833 seconds 
========================================================================
Received Import Request.
  Time since last request: 0.000073 seconds.
  path: Assets/Pixel Adventure 1/Assets/Terrain/Tiles/Terrain (16x16) 1_8.asset
  artifactKey: Guid(d78943c79026c75498cb7c3db8a07ea9) Importer(815301076,1909f56bfc062723c751e8b465ee728b)
Start importing Assets/Pixel Adventure 1/Assets/Terrain/Tiles/Terrain (16x16) 1_8.asset using Guid(d78943c79026c75498cb7c3db8a07ea9) Importer(815301076,1909f56bfc062723c751e8b465ee728b)  -> (artifact id: '276e811de967b3cfe57d4a3a046cd885') in 0.007010 seconds 
========================================================================
Received Import Request.
  Time since last request: 0.000147 seconds.
  path: Assets/Pixel Adventure 1/Assets/Terrain/Tiles/Terrain (16x16) 1_15.asset
  artifactKey: Guid(f5e5667598493df4a9c5e2ef05fae0e9) Importer(815301076,1909f56bfc062723c751e8b465ee728b)
Start importing Assets/Pixel Adventure 1/Assets/Terrain/Tiles/Terrain (16x16) 1_15.asset using Guid(f5e5667598493df4a9c5e2ef05fae0e9) Importer(815301076,1909f56bfc062723c751e8b465ee728b)  -> (artifact id: '2983deb212e4d6fcac5879a55ddc3a96') in 0.006409 seconds 
========================================================================
Received Import Request.
  Time since last request: 0.000060 seconds.
  path: Assets/Pixel Adventure 1/Assets/Terrain/Tiles/Terrain (16x16) 1_38.asset
  artifactKey: Guid(fb29d7a3833778147a6d4efe9974e0cf) Importer(815301076,1909f56bfc062723c751e8b465ee728b)
Start importing Assets/Pixel Adventure 1/Assets/Terrain/Tiles/Terrain (16x16) 1_38.asset using Guid(fb29d7a3833778147a6d4efe9974e0cf) Importer(815301076,1909f56bfc062723c751e8b465ee728b)  -> (artifact id: '7d765dab540d1289662b347b7394ff1a') in 0.006627 seconds 
========================================================================
Received Import Request.
  Time since last request: 0.000055 seconds.
  path: Assets/Pixel Adventure 1/Assets/Terrain/Tiles/Terrain (16x16) 1_24.asset
  artifactKey: Guid(5eb6815d3ae9f92419182027a182e394) Importer(815301076,1909f56bfc062723c751e8b465ee728b)
Start importing Assets/Pixel Adventure 1/Assets/Terrain/Tiles/Terrain (16x16) 1_24.asset using Guid(5eb6815d3ae9f92419182027a182e394) Importer(815301076,1909f56bfc062723c751e8b465ee728b)  -> (artifact id: 'dfc1dd7fcdda1cdfdfb0bfb01b69d4e9') in 0.005387 seconds 
========================================================================
Received Import Request.
  Time since last request: 0.000096 seconds.
  path: Assets/Pixel Adventure 1/Assets/Terrain/Tiles/Terrain (16x16) 1_3.asset
  artifactKey: Guid(166c2569b74842b46881b8a27306f489) Importer(815301076,1909f56bfc062723c751e8b465ee728b)
Start importing Assets/Pixel Adventure 1/Assets/Terrain/Tiles/Terrain (16x16) 1_3.asset using Guid(166c2569b74842b46881b8a27306f489) Importer(815301076,1909f56bfc062723c751e8b465ee728b)  -> (artifact id: '3d666fa4669a5eb382c58a259b54e830') in 0.005771 seconds 
========================================================================
Received Import Request.
  Time since last request: 0.000101 seconds.
  path: Assets/Pixel Adventure 1/Assets/Terrain/Tiles/Terrain (16x16) 1_14.asset
  artifactKey: Guid(051cb2d1015c4a047b18c8c352fc67fe) Importer(815301076,1909f56bfc062723c751e8b465ee728b)
Start importing Assets/Pixel Adventure 1/Assets/Terrain/Tiles/Terrain (16x16) 1_14.asset using Guid(051cb2d1015c4a047b18c8c352fc67fe) Importer(815301076,1909f56bfc062723c751e8b465ee728b)  -> (artifact id: '8371706f0a9daa196ac1510c1e329171') in 0.005941 seconds 
========================================================================
Received Import Request.
  Time since last request: 0.000094 seconds.
  path: Assets/Pixel Adventure 1/Assets/Terrain/Tiles/Terrain (16x16) 1_19.asset
  artifactKey: Guid(a5c32191d63023345988ed7d1d57750b) Importer(815301076,1909f56bfc062723c751e8b465ee728b)
Start importing Assets/Pixel Adventure 1/Assets/Terrain/Tiles/Terrain (16x16) 1_19.asset using Guid(a5c32191d63023345988ed7d1d57750b) Importer(815301076,1909f56bfc062723c751e8b465ee728b)  -> (artifact id: '13c8344adb87da0848abfbecdde21a56') in 0.005807 seconds 
========================================================================
Received Import Request.
  Time since last request: 0.002115 seconds.
  path: Assets/Pixel Adventure 1/Assets/Terrain/Tiles/Terrain (16x16) 1_5.asset
  artifactKey: Guid(85697ba986ec3d74381527528478bf55) Importer(815301076,1909f56bfc062723c751e8b465ee728b)
Start importing Assets/Pixel Adventure 1/Assets/Terrain/Tiles/Terrain (16x16) 1_5.asset using Guid(85697ba986ec3d74381527528478bf55) Importer(815301076,1909f56bfc062723c751e8b465ee728b)  -> (artifact id: 'ebc8c0673bc7b1dc4388da9392b8dfc6') in 0.006404 seconds 
========================================================================
Received Import Request.
  Time since last request: 0.000111 seconds.
  path: Assets/Pixel Adventure 1/Assets/Terrain/Tiles/Terrain (16x16) 1_20.asset
  artifactKey: Guid(3781d34dc48c03548af9c4cffd344225) Importer(815301076,1909f56bfc062723c751e8b465ee728b)
Start importing Assets/Pixel Adventure 1/Assets/Terrain/Tiles/Terrain (16x16) 1_20.asset using Guid(3781d34dc48c03548af9c4cffd344225) Importer(815301076,1909f56bfc062723c751e8b465ee728b)  -> (artifact id: 'f76ff834066a76ff608d04816ed96444') in 0.007912 seconds 
========================================================================
Received Import Request.
  Time since last request: 0.000123 seconds.
  path: Assets/Pixel Adventure 1/Assets/Terrain/Tiles/Terrain (16x16) 1_26.asset
  artifactKey: Guid(86edeaa2abb05784698b77cf394f4c9b) Importer(815301076,1909f56bfc062723c751e8b465ee728b)
Start importing Assets/Pixel Adventure 1/Assets/Terrain/Tiles/Terrain (16x16) 1_26.asset using Guid(86edeaa2abb05784698b77cf394f4c9b) Importer(815301076,1909f56bfc062723c751e8b465ee728b)  -> (artifact id: '935053808d9145f83c59601cad7ae2a6') in 0.005919 seconds 
========================================================================
Received Import Request.
  Time since last request: 1.077078 seconds.
  path: Assets/Pixel Adventure 1/Assets/Terrain/Tiles/Terrain (16x16) 1_43.asset
  artifactKey: Guid(118ee34707bb9314d89457a182ce1dab) Importer(815301076,1909f56bfc062723c751e8b465ee728b)
Start importing Assets/Pixel Adventure 1/Assets/Terrain/Tiles/Terrain (16x16) 1_43.asset using Guid(118ee34707bb9314d89457a182ce1dab) Importer(815301076,1909f56bfc062723c751e8b465ee728b)  -> (artifact id: '7b490bb6887e4e977976442127ca1687') in 0.005545 seconds 
========================================================================
Received Import Request.
  Time since last request: 0.000066 seconds.
  path: Assets/Pixel Adventure 1/Assets/Terrain/Tiles/Terrain (16x16) 1_46.asset
  artifactKey: Guid(ce73f10856820e149bda6d7b47590de9) Importer(815301076,1909f56bfc062723c751e8b465ee728b)
Start importing Assets/Pixel Adventure 1/Assets/Terrain/Tiles/Terrain (16x16) 1_46.asset using Guid(ce73f10856820e149bda6d7b47590de9) Importer(815301076,1909f56bfc062723c751e8b465ee728b)  -> (artifact id: 'd68e857640d79029f564990af8dbaaef') in 0.005886 seconds 
========================================================================
Received Import Request.
  Time since last request: 0.000161 seconds.
  path: Assets/Pixel Adventure 1/Assets/Terrain/Tiles/Terrain (16x16) 1_44.asset
  artifactKey: Guid(e709addac80ce3a4fb103361aa3c1f1d) Importer(815301076,1909f56bfc062723c751e8b465ee728b)
Start importing Assets/Pixel Adventure 1/Assets/Terrain/Tiles/Terrain (16x16) 1_44.asset using Guid(e709addac80ce3a4fb103361aa3c1f1d) Importer(815301076,1909f56bfc062723c751e8b465ee728b)  -> (artifact id: '9f57c571da6b6d78367ea415005df386') in 0.008038 seconds 
========================================================================
Received Import Request.
  Time since last request: 0.729268 seconds.
  path: Assets/Pixel Adventure 1/Assets/Terrain/Tiles/Terrain (16x16) 1_53.asset
  artifactKey: Guid(824bb46614cbaf44083d9f1d7ee73039) Importer(815301076,1909f56bfc062723c751e8b465ee728b)
Start importing Assets/Pixel Adventure 1/Assets/Terrain/Tiles/Terrain (16x16) 1_53.asset using Guid(824bb46614cbaf44083d9f1d7ee73039) Importer(815301076,1909f56bfc062723c751e8b465ee728b)  -> (artifact id: '0bd69e6221a908616ae5bf368b91f1e4') in 0.005885 seconds 
========================================================================
Received Import Request.
  Time since last request: 0.000055 seconds.
  path: Assets/Pixel Adventure 1/Assets/Terrain/Tiles/Terrain (16x16) 1_56.asset
  artifactKey: Guid(9900aff5ed927f84d8f48f0fa6974916) Importer(815301076,1909f56bfc062723c751e8b465ee728b)
Start importing Assets/Pixel Adventure 1/Assets/Terrain/Tiles/Terrain (16x16) 1_56.asset using Guid(9900aff5ed927f84d8f48f0fa6974916) Importer(815301076,1909f56bfc062723c751e8b465ee728b)  -> (artifact id: '49e767ddcd0c6272fba3c3fd32f582ff') in 0.006139 seconds 
========================================================================
Received Import Request.
  Time since last request: 0.000077 seconds.
  path: Assets/Pixel Adventure 1/Assets/Terrain/Tiles/Terrain (16x16) 1_60.asset
  artifactKey: Guid(ce31cd6c774fc73468f513a709ab9f15) Importer(815301076,1909f56bfc062723c751e8b465ee728b)
Start importing Assets/Pixel Adventure 1/Assets/Terrain/Tiles/Terrain (16x16) 1_60.asset using Guid(ce31cd6c774fc73468f513a709ab9f15) Importer(815301076,1909f56bfc062723c751e8b465ee728b)  -> (artifact id: 'ce05025d288a250c8a6badd8bf1c82fe') in 0.006743 seconds 
========================================================================
Received Import Request.
  Time since last request: 0.107814 seconds.
  path: Assets/Pixel Adventure 1/Assets/Terrain/Tiles/Terrain (16x16) 1_63.asset
  artifactKey: Guid(acc5a0f3903f90f4da127dd7e37b235b) Importer(815301076,1909f56bfc062723c751e8b465ee728b)
Start importing Assets/Pixel Adventure 1/Assets/Terrain/Tiles/Terrain (16x16) 1_63.asset using Guid(acc5a0f3903f90f4da127dd7e37b235b) Importer(815301076,1909f56bfc062723c751e8b465ee728b)  -> (artifact id: '31fe3f95825e5e209c2154a3e90f9429') in 0.005443 seconds 
========================================================================
Received Import Request.
  Time since last request: 0.000049 seconds.
  path: Assets/Pixel Adventure 1/Assets/Terrain/Tiles/Terrain (16x16) 1_67.asset
  artifactKey: Guid(fd6437f599c169e44b9f60c8a5056183) Importer(815301076,1909f56bfc062723c751e8b465ee728b)
Start importing Assets/Pixel Adventure 1/Assets/Terrain/Tiles/Terrain (16x16) 1_67.asset using Guid(fd6437f599c169e44b9f60c8a5056183) Importer(815301076,1909f56bfc062723c751e8b465ee728b)  -> (artifact id: '55899608a9b9acac30019a849e42b28c') in 0.005706 seconds 
========================================================================
Received Import Request.
  Time since last request: 0.000076 seconds.
  path: Assets/Pixel Adventure 1/Assets/Terrain/Tiles/Terrain (16x16) 1_66.asset
  artifactKey: Guid(060201a50d054354f97ce8175c2eec3c) Importer(815301076,1909f56bfc062723c751e8b465ee728b)
Start importing Assets/Pixel Adventure 1/Assets/Terrain/Tiles/Terrain (16x16) 1_66.asset using Guid(060201a50d054354f97ce8175c2eec3c) Importer(815301076,1909f56bfc062723c751e8b465ee728b)  -> (artifact id: '53a965f3829976ad0547907e13431770') in 0.005396 seconds 
========================================================================
Received Import Request.
  Time since last request: 0.000054 seconds.
  path: Assets/Pixel Adventure 1/Assets/Terrain/Tiles/Terrain (16x16) 1_70.asset
  artifactKey: Guid(8ed32a849bc2e834ab7fad09248a52ca) Importer(815301076,1909f56bfc062723c751e8b465ee728b)
Start importing Assets/Pixel Adventure 1/Assets/Terrain/Tiles/Terrain (16x16) 1_70.asset using Guid(8ed32a849bc2e834ab7fad09248a52ca) Importer(815301076,1909f56bfc062723c751e8b465ee728b)  -> (artifact id: '411d5aac894a344ed0834d0e728931ae') in 0.005371 seconds 
========================================================================
Received Import Request.
  Time since last request: 0.353922 seconds.
  path: Assets/Pixel Adventure 1/Assets/Terrain/Tiles/Terrain (16x16) 1_73.asset
  artifactKey: Guid(f911bdbe03a00e445ba198631a051c4c) Importer(815301076,1909f56bfc062723c751e8b465ee728b)
Start importing Assets/Pixel Adventure 1/Assets/Terrain/Tiles/Terrain (16x16) 1_73.asset using Guid(f911bdbe03a00e445ba198631a051c4c) Importer(815301076,1909f56bfc062723c751e8b465ee728b)  -> (artifact id: '12481e53d229d912338d25acbd890298') in 0.006832 seconds 
========================================================================
Received Import Request.
  Time since last request: 0.000062 seconds.
  path: Assets/Pixel Adventure 1/Assets/Terrain/Tiles/Terrain (16x16) 1_74.asset
  artifactKey: Guid(6adb24ea6d783ea40905109fc588d724) Importer(815301076,1909f56bfc062723c751e8b465ee728b)
Start importing Assets/Pixel Adventure 1/Assets/Terrain/Tiles/Terrain (16x16) 1_74.asset using Guid(6adb24ea6d783ea40905109fc588d724) Importer(815301076,1909f56bfc062723c751e8b465ee728b)  -> (artifact id: '0f26ea651156dc1aafaec1ed6096a04a') in 0.005596 seconds 
========================================================================
Received Import Request.
  Time since last request: 0.000083 seconds.
  path: Assets/Pixel Adventure 1/Assets/Terrain/Tiles/Terrain (16x16) 1_76.asset
  artifactKey: Guid(5241b3bd6f104a64db24c5a61172ffee) Importer(815301076,1909f56bfc062723c751e8b465ee728b)
Start importing Assets/Pixel Adventure 1/Assets/Terrain/Tiles/Terrain (16x16) 1_76.asset using Guid(5241b3bd6f104a64db24c5a61172ffee) Importer(815301076,1909f56bfc062723c751e8b465ee728b)  -> (artifact id: '66527809aeaf386205fbadda692e6d28') in 0.006710 seconds 
========================================================================
Received Import Request.
  Time since last request: 0.017829 seconds.
  path: Assets/Pixel Adventure 1/Assets/Terrain/Tiles/Terrain (16x16) 1_83.asset
  artifactKey: Guid(89f483bf6c94c30439e6a0cf4f09f7ad) Importer(815301076,1909f56bfc062723c751e8b465ee728b)
Start importing Assets/Pixel Adventure 1/Assets/Terrain/Tiles/Terrain (16x16) 1_83.asset using Guid(89f483bf6c94c30439e6a0cf4f09f7ad) Importer(815301076,1909f56bfc062723c751e8b465ee728b)  -> (artifact id: '1394185ea29d68a217c513625d11d723') in 0.009857 seconds 
========================================================================
Received Import Request.
  Time since last request: 0.000103 seconds.
  path: Assets/Pixel Adventure 1/Assets/Terrain/Tiles/Terrain (16x16) 1_90.asset
  artifactKey: Guid(7a21cbf23bc2fcb42aa9275bc40f7c72) Importer(815301076,1909f56bfc062723c751e8b465ee728b)
Start importing Assets/Pixel Adventure 1/Assets/Terrain/Tiles/Terrain (16x16) 1_90.asset using Guid(7a21cbf23bc2fcb42aa9275bc40f7c72) Importer(815301076,1909f56bfc062723c751e8b465ee728b)  -> (artifact id: '8a014cf6ebd21b79753624a39e579b6a') in 0.006002 seconds 
========================================================================
Received Import Request.
  Time since last request: 0.000119 seconds.
  path: Assets/Pixel Adventure 1/Assets/Terrain/Tiles/Terrain (16x16) 1_84.asset
  artifactKey: Guid(57d0b078160997146a245fb553ea6701) Importer(815301076,1909f56bfc062723c751e8b465ee728b)
Start importing Assets/Pixel Adventure 1/Assets/Terrain/Tiles/Terrain (16x16) 1_84.asset using Guid(57d0b078160997146a245fb553ea6701) Importer(815301076,1909f56bfc062723c751e8b465ee728b)  -> (artifact id: '427f3404362596ca170528c818d77eb1') in 0.005254 seconds 
========================================================================
Received Import Request.
  Time since last request: 0.026778 seconds.
  path: Assets/Pixel Adventure 1/Assets/Terrain/Tiles/Terrain (16x16) 1_93.asset
  artifactKey: Guid(834a06249852f5944a144dd85acc2a24) Importer(815301076,1909f56bfc062723c751e8b465ee728b)
Start importing Assets/Pixel Adventure 1/Assets/Terrain/Tiles/Terrain (16x16) 1_93.asset using Guid(834a06249852f5944a144dd85acc2a24) Importer(815301076,1909f56bfc062723c751e8b465ee728b)  -> (artifact id: 'fa1ae9bfe9c8cb2c1ff14ea3af86b464') in 0.015728 seconds 
========================================================================
Received Import Request.
  Time since last request: 0.000078 seconds.
  path: Assets/Pixel Adventure 1/Assets/Terrain/Tiles/Terrain (16x16) 1_129.asset
  artifactKey: Guid(7f0f74a2769f0ad408eb9409fd30e1d3) Importer(815301076,1909f56bfc062723c751e8b465ee728b)
Start importing Assets/Pixel Adventure 1/Assets/Terrain/Tiles/Terrain (16x16) 1_129.asset using Guid(7f0f74a2769f0ad408eb9409fd30e1d3) Importer(815301076,1909f56bfc062723c751e8b465ee728b)  -> (artifact id: 'f79646709f58e4e4a9358b5036dca056') in 0.005971 seconds 
========================================================================
Received Import Request.
  Time since last request: 0.000083 seconds.
  path: Assets/Pixel Adventure 1/Assets/Terrain/Tiles/Terrain (16x16) 1_118.asset
  artifactKey: Guid(6a45d0ceac0b87842953499be6c9063d) Importer(815301076,1909f56bfc062723c751e8b465ee728b)
Start importing Assets/Pixel Adventure 1/Assets/Terrain/Tiles/Terrain (16x16) 1_118.asset using Guid(6a45d0ceac0b87842953499be6c9063d) Importer(815301076,1909f56bfc062723c751e8b465ee728b)  -> (artifact id: 'b6c1d55231fd45d90ab98342f2205063') in 0.007045 seconds 
========================================================================
Received Import Request.
  Time since last request: 0.000109 seconds.
  path: Assets/Pixel Adventure 1/Assets/Terrain/Tiles/Terrain (16x16) 1_98.asset
  artifactKey: Guid(1c415a84e1195a94aa308a49ba3badeb) Importer(815301076,1909f56bfc062723c751e8b465ee728b)
Start importing Assets/Pixel Adventure 1/Assets/Terrain/Tiles/Terrain (16x16) 1_98.asset using Guid(1c415a84e1195a94aa308a49ba3badeb) Importer(815301076,1909f56bfc062723c751e8b465ee728b)  -> (artifact id: '1e8a2ba0ef7f547236bfa0373e7de86c') in 0.005850 seconds 
========================================================================
Received Import Request.
  Time since last request: 0.001595 seconds.
  path: Assets/Pixel Adventure 1/Assets/Terrain/Tiles/Terrain (16x16) 1_138.asset
  artifactKey: Guid(2a304a0d39c25164a9008fb1f8d8c689) Importer(815301076,1909f56bfc062723c751e8b465ee728b)
Start importing Assets/Pixel Adventure 1/Assets/Terrain/Tiles/Terrain (16x16) 1_138.asset using Guid(2a304a0d39c25164a9008fb1f8d8c689) Importer(815301076,1909f56bfc062723c751e8b465ee728b)  -> (artifact id: '9ba4fa6fd768711d63fcdfb0d50fe666') in 0.005540 seconds 
========================================================================
Received Import Request.
  Time since last request: 0.000128 seconds.
  path: Assets/Pixel Adventure 1/Assets/Terrain/Tiles/Terrain (16x16) 1_139.asset
  artifactKey: Guid(f6d0861549a21a343b3b0763fba2c1aa) Importer(815301076,1909f56bfc062723c751e8b465ee728b)
Start importing Assets/Pixel Adventure 1/Assets/Terrain/Tiles/Terrain (16x16) 1_139.asset using Guid(f6d0861549a21a343b3b0763fba2c1aa) Importer(815301076,1909f56bfc062723c751e8b465ee728b)  -> (artifact id: 'e6ee16f205c1794d4b0ef2e688b3483f') in 0.005380 seconds 
========================================================================
Received Import Request.
  Time since last request: 0.000092 seconds.
  path: Assets/Pixel Adventure 1/Assets/Terrain/Tiles/Terrain (16x16) 1_131.asset
  artifactKey: Guid(ab237fc26bb04df49971c25c42c23ee9) Importer(815301076,1909f56bfc062723c751e8b465ee728b)
Start importing Assets/Pixel Adventure 1/Assets/Terrain/Tiles/Terrain (16x16) 1_131.asset using Guid(ab237fc26bb04df49971c25c42c23ee9) Importer(815301076,1909f56bfc062723c751e8b465ee728b)  -> (artifact id: '1114bb8642d20178961929604028139b') in 0.008472 seconds 
========================================================================
Received Import Request.
  Time since last request: 0.000060 seconds.
  path: Assets/Pixel Adventure 1/Assets/Terrain/Tiles/Terrain (16x16) 1_94.asset
  artifactKey: Guid(1ef009806ebc3854881f3b0c92aec9ed) Importer(815301076,1909f56bfc062723c751e8b465ee728b)
Start importing Assets/Pixel Adventure 1/Assets/Terrain/Tiles/Terrain (16x16) 1_94.asset using Guid(1ef009806ebc3854881f3b0c92aec9ed) Importer(815301076,1909f56bfc062723c751e8b465ee728b)  -> (artifact id: '206a9442fe25f323cb7e662f41f29573') in 0.005532 seconds 
========================================================================
Received Import Request.
  Time since last request: 0.000072 seconds.
  path: Assets/Pixel Adventure 1/Assets/Terrain/Tiles/Terrain (16x16) 1_120.asset
  artifactKey: Guid(fcb6ce24055ba1c41bf0ab7a555986a0) Importer(815301076,1909f56bfc062723c751e8b465ee728b)
Start importing Assets/Pixel Adventure 1/Assets/Terrain/Tiles/Terrain (16x16) 1_120.asset using Guid(fcb6ce24055ba1c41bf0ab7a555986a0) Importer(815301076,1909f56bfc062723c751e8b465ee728b)  -> (artifact id: '1d4e673c86b34830f3b7032a60afc483') in 0.005857 seconds 
========================================================================
Received Import Request.
  Time since last request: 0.000093 seconds.
  path: Assets/Pixel Adventure 1/Assets/Terrain/Tiles/Terrain (16x16) 1_108.asset
  artifactKey: Guid(95d9d70901b198545b4dfa47a8e76d40) Importer(815301076,1909f56bfc062723c751e8b465ee728b)
Start importing Assets/Pixel Adventure 1/Assets/Terrain/Tiles/Terrain (16x16) 1_108.asset using Guid(95d9d70901b198545b4dfa47a8e76d40) Importer(815301076,1909f56bfc062723c751e8b465ee728b)  -> (artifact id: 'f06878988c7ef124ca733d421a558beb') in 0.005803 seconds 
========================================================================
Received Import Request.
  Time since last request: 0.000585 seconds.
  path: Assets/Pixel Adventure 1/Assets/Terrain/Tiles/Terrain (16x16) 1_110.asset
  artifactKey: Guid(b3a85975465c2e84b865e77f58e7f626) Importer(815301076,1909f56bfc062723c751e8b465ee728b)
Start importing Assets/Pixel Adventure 1/Assets/Terrain/Tiles/Terrain (16x16) 1_110.asset using Guid(b3a85975465c2e84b865e77f58e7f626) Importer(815301076,1909f56bfc062723c751e8b465ee728b)  -> (artifact id: '01de4f07a8a9ca131699dbfb209a76e0') in 0.005962 seconds 
========================================================================
Received Import Request.
  Time since last request: 0.000138 seconds.
  path: Assets/Pixel Adventure 1/Assets/Terrain/Tiles/Terrain (16x16) 1_140.asset
  artifactKey: Guid(1c77ece3aa5fb8c459e2c8c340684ce5) Importer(815301076,1909f56bfc062723c751e8b465ee728b)
Start importing Assets/Pixel Adventure 1/Assets/Terrain/Tiles/Terrain (16x16) 1_140.asset using Guid(1c77ece3aa5fb8c459e2c8c340684ce5) Importer(815301076,1909f56bfc062723c751e8b465ee728b)  -> (artifact id: '162d4392557b19ad981fecbe7c8730a0') in 0.006179 seconds 
========================================================================
Received Import Request.
  Time since last request: 0.000085 seconds.
  path: Assets/Pixel Adventure 1/Assets/Terrain/Tiles/Terrain (16x16) 1_113.asset
  artifactKey: Guid(39a62f64c227763478c217bfdac8a4ce) Importer(815301076,1909f56bfc062723c751e8b465ee728b)
Start importing Assets/Pixel Adventure 1/Assets/Terrain/Tiles/Terrain (16x16) 1_113.asset using Guid(39a62f64c227763478c217bfdac8a4ce) Importer(815301076,1909f56bfc062723c751e8b465ee728b)  -> (artifact id: 'b933afdb3f217314a75029268d2bc19c') in 0.006979 seconds 
========================================================================
Received Import Request.
  Time since last request: 0.000069 seconds.
  path: Assets/Pixel Adventure 1/Assets/Terrain/Tiles/Terrain (16x16) 1_124.asset
  artifactKey: Guid(df36e7d2a888f6645be96a397794065a) Importer(815301076,1909f56bfc062723c751e8b465ee728b)
Start importing Assets/Pixel Adventure 1/Assets/Terrain/Tiles/Terrain (16x16) 1_124.asset using Guid(df36e7d2a888f6645be96a397794065a) Importer(815301076,1909f56bfc062723c751e8b465ee728b)  -> (artifact id: '0f49413c4b0597908b3cb270121093d5') in 0.006242 seconds 
========================================================================
Received Import Request.
  Time since last request: 0.000058 seconds.
  path: Assets/Pixel Adventure 1/Assets/Terrain/Tiles/Terrain (16x16) 1_134.asset
  artifactKey: Guid(4df7953139108f44db8e3a2681e7e59c) Importer(815301076,1909f56bfc062723c751e8b465ee728b)
Start importing Assets/Pixel Adventure 1/Assets/Terrain/Tiles/Terrain (16x16) 1_134.asset using Guid(4df7953139108f44db8e3a2681e7e59c) Importer(815301076,1909f56bfc062723c751e8b465ee728b)  -> (artifact id: '388e13257b9b63d521c27b17995d3aed') in 0.006407 seconds 
========================================================================
Received Import Request.
  Time since last request: 0.000115 seconds.
  path: Assets/Pixel Adventure 1/Assets/Terrain/Tiles/Terrain (16x16) 1_121.asset
  artifactKey: Guid(5d5ae9333c5bd6449b5754143d538468) Importer(815301076,1909f56bfc062723c751e8b465ee728b)
Start importing Assets/Pixel Adventure 1/Assets/Terrain/Tiles/Terrain (16x16) 1_121.asset using Guid(5d5ae9333c5bd6449b5754143d538468) Importer(815301076,1909f56bfc062723c751e8b465ee728b)  -> (artifact id: '0b61a05f3e11b7191dac8b8e321a8dc0') in 0.007029 seconds 
========================================================================
Received Import Request.
  Time since last request: 0.000062 seconds.
  path: Assets/Pixel Adventure 1/Assets/Terrain/Tiles/Terrain (16x16) 1_99.asset
  artifactKey: Guid(19b6c78fd5c179543a517093eb98d8e5) Importer(815301076,1909f56bfc062723c751e8b465ee728b)
Start importing Assets/Pixel Adventure 1/Assets/Terrain/Tiles/Terrain (16x16) 1_99.asset using Guid(19b6c78fd5c179543a517093eb98d8e5) Importer(815301076,1909f56bfc062723c751e8b465ee728b)  -> (artifact id: '90c5fb97ac1acbbf2b3a35ea696129ce') in 0.007214 seconds 
========================================================================
Received Import Request.
  Time since last request: 5.629415 seconds.
  path: Assets/Pixel Adventure 1/Assets/Traps/Fire/On (16x32).png
  artifactKey: Guid(3c112a44cc7dc7a468f4d132c2e7611c) Importer(815301076,1909f56bfc062723c751e8b465ee728b)
Start importing Assets/Pixel Adventure 1/Assets/Traps/Fire/On (16x32).png using Guid(3c112a44cc7dc7a468f4d132c2e7611c) Importer(815301076,1909f56bfc062723c751e8b465ee728b)  -> (artifact id: '7863704c7c1b2c66ad35201095865baa') in 0.019088 seconds 
========================================================================
Received Import Request.
  Time since last request: 2.002458 seconds.
  path: Assets/Pixel Adventure 1/Assets/Traps/Platforms/Chain.png
  artifactKey: Guid(d9c5a449db91d51488798b761c22fb97) Importer(815301076,1909f56bfc062723c751e8b465ee728b)
Start importing Assets/Pixel Adventure 1/Assets/Traps/Platforms/Chain.png using Guid(d9c5a449db91d51488798b761c22fb97) Importer(815301076,1909f56bfc062723c751e8b465ee728b)  -> (artifact id: '70f23e9fc7d7729e83d3497a47bf8738') in 0.012157 seconds 
========================================================================
Received Import Request.
  Time since last request: 0.000107 seconds.
  path: Assets/Pixel Adventure 1/Assets/Traps/Platforms/Grey Off.png
  artifactKey: Guid(19602dbd991e72f4c8df688afa341f3d) Importer(815301076,1909f56bfc062723c751e8b465ee728b)
Start importing Assets/Pixel Adventure 1/Assets/Traps/Platforms/Grey Off.png using Guid(19602dbd991e72f4c8df688afa341f3d) Importer(815301076,1909f56bfc062723c751e8b465ee728b)  -> (artifact id: '0d19f680898424434f0a6c35e2a7c186') in 0.013254 seconds 
========================================================================
Received Import Request.
  Time since last request: 0.656195 seconds.
  path: Assets/Pixel Adventure 1/Assets/Traps/Rock Head/Idle.png
  artifactKey: Guid(282fa6659f7eabb4f88d7cd347ae7723) Importer(815301076,1909f56bfc062723c751e8b465ee728b)
Start importing Assets/Pixel Adventure 1/Assets/Traps/Rock Head/Idle.png using Guid(282fa6659f7eabb4f88d7cd347ae7723) Importer(815301076,1909f56bfc062723c751e8b465ee728b)  -> (artifact id: 'ba216fe3e53e370d681e3e5b62347650') in 0.010527 seconds 
========================================================================
Received Import Request.
  Time since last request: 0.000144 seconds.
  path: Assets/Pixel Adventure 1/Assets/Traps/Rock Head/Left Hit (42x42).png
  artifactKey: Guid(bb8f35504d0d42343b3cdb04faaa9d15) Importer(815301076,1909f56bfc062723c751e8b465ee728b)
Start importing Assets/Pixel Adventure 1/Assets/Traps/Rock Head/Left Hit (42x42).png using Guid(bb8f35504d0d42343b3cdb04faaa9d15) Importer(815301076,1909f56bfc062723c751e8b465ee728b)  -> (artifact id: '57fba0aeea6fd63c177cf077f75c173e') in 0.019556 seconds 
========================================================================
Received Import Request.
  Time since last request: 2.546159 seconds.
  path: Assets/Pixel Adventure 1/Assets/Traps/Saw/On (38x38).png
  artifactKey: Guid(c016f0eb0a188a14ab7f86d910097523) Importer(815301076,1909f56bfc062723c751e8b465ee728b)
Start importing Assets/Pixel Adventure 1/Assets/Traps/Saw/On (38x38).png using Guid(c016f0eb0a188a14ab7f86d910097523) Importer(815301076,1909f56bfc062723c751e8b465ee728b)  -> (artifact id: '1bdd639c72432a4bd798c6e72108e191') in 0.033245 seconds 
========================================================================
Received Import Request.
  Time since last request: 0.361952 seconds.
  path: Assets/Pixel Adventure 1/Assets/Traps/Spike Head/Idle.png
  artifactKey: Guid(1508ab85aab80754fb0213cd79267961) Importer(815301076,1909f56bfc062723c751e8b465ee728b)
Start importing Assets/Pixel Adventure 1/Assets/Traps/Spike Head/Idle.png using Guid(1508ab85aab80754fb0213cd79267961) Importer(815301076,1909f56bfc062723c751e8b465ee728b)  -> (artifact id: '260cbe3e5cb93194921aafe933e62778') in 0.010773 seconds 
========================================================================
Received Import Request.
  Time since last request: 0.000117 seconds.
  path: Assets/Pixel Adventure 1/Assets/Traps/Spike Head/Right Hit (54x52).png
  artifactKey: Guid(75b1a2f7cb6173c4d826963a35f18512) Importer(815301076,1909f56bfc062723c751e8b465ee728b)
Start importing Assets/Pixel Adventure 1/Assets/Traps/Spike Head/Right Hit (54x52).png using Guid(75b1a2f7cb6173c4d826963a35f18512) Importer(815301076,1909f56bfc062723c751e8b465ee728b)  -> (artifact id: '56d04ad3c9de4b546b6b27b896be667e') in 0.022658 seconds 
========================================================================
Received Import Request.
  Time since last request: 14.705907 seconds.
  path: Assets/Pixel Adventure 1/Assets/Items/Boxes/Box1/Idle.png
  artifactKey: Guid(48fd9917466ade44fa9bfd8326fab049) Importer(815301076,1909f56bfc062723c751e8b465ee728b)
Start importing Assets/Pixel Adventure 1/Assets/Items/Boxes/Box1/Idle.png using Guid(48fd9917466ade44fa9bfd8326fab049) Importer(815301076,1909f56bfc062723c751e8b465ee728b)  -> (artifact id: '9129526a6880d87eeccb20b4073433bc') in 0.011709 seconds 
========================================================================
Received Import Request.
  Time since last request: 0.622820 seconds.
  path: Assets/Pixel Adventure 1/Assets/Items/Boxes/Box2/Idle.png
  artifactKey: Guid(f7472d29deaa7414abffd38318319096) Importer(815301076,1909f56bfc062723c751e8b465ee728b)
Start importing Assets/Pixel Adventure 1/Assets/Items/Boxes/Box2/Idle.png using Guid(f7472d29deaa7414abffd38318319096) Importer(815301076,1909f56bfc062723c751e8b465ee728b)  -> (artifact id: 'f0d0b9dfa636ee6529dddae65fd57a4e') in 0.013298 seconds 
Editor requested this worker to shutdown with reason: Scaling down because of idle timeout
AssetImportWorker is now disconnected from the server
Process exiting
