Using pre-set license
Built from '2021.3/staging' branch; Version is '2021.3.8f1 (b30333d56e81) revision 11731763'; Using compiler version '192829333'; Build Type 'Release'
OS: 'Windows 11  (10.0.22000) 64bit Education' Language: 'zh' Physical Memory: 16197 MB
BatchMode: 1, IsHumanControllingUs: 0, StartBugReporterOnCrash: 0, Is64bit: 1, IsPro: 1

COMMAND LINE ARGUMENTS:
C:\Program Files\Unity\Hub\Editor\2021.3.8f1\Editor\Unity.exe
-adb2
-batchMode
-noUpm
-name
AssetImportWorker3
-projectPath
C:/Users/wei/UnityProject/CattyGoHome
-logFile
Logs/AssetImportWorker3.log
-srvPort
64020
Successfully changed project path to: C:/Users/wei/UnityProject/CattyGoHome
C:/Users/wei/UnityProject/CattyGoHome
[UnityMemory] Configuration Parameters - Can be set up in boot.config
    "memorysetup-bucket-allocator-granularity=16"
    "memorysetup-bucket-allocator-bucket-count=8"
    "memorysetup-bucket-allocator-block-size=33554432"
    "memorysetup-bucket-allocator-block-count=8"
    "memorysetup-main-allocator-block-size=16777216"
    "memorysetup-thread-allocator-block-size=16777216"
    "memorysetup-gfx-main-allocator-block-size=16777216"
    "memorysetup-gfx-thread-allocator-block-size=16777216"
    "memorysetup-cache-allocator-block-size=4194304"
    "memorysetup-typetree-allocator-block-size=2097152"
    "memorysetup-profiler-bucket-allocator-granularity=16"
    "memorysetup-profiler-bucket-allocator-bucket-count=8"
    "memorysetup-profiler-bucket-allocator-block-size=33554432"
    "memorysetup-profiler-bucket-allocator-block-count=8"
    "memorysetup-profiler-allocator-block-size=16777216"
    "memorysetup-profiler-editor-allocator-block-size=1048576"
    "memorysetup-temp-allocator-size-main=16777216"
    "memorysetup-job-temp-allocator-block-size=2097152"
    "memorysetup-job-temp-allocator-block-size-background=1048576"
    "memorysetup-job-temp-allocator-reduction-small-platforms=262144"
    "memorysetup-temp-allocator-size-background-worker=32768"
    "memorysetup-temp-allocator-size-job-worker=262144"
    "memorysetup-temp-allocator-size-preload-manager=33554432"
    "memorysetup-temp-allocator-size-nav-mesh-worker=65536"
    "memorysetup-temp-allocator-size-audio-worker=65536"
    "memorysetup-temp-allocator-size-cloud-worker=32768"
    "memorysetup-temp-allocator-size-gi-baking-worker=262144"
    "memorysetup-temp-allocator-size-gfx=262144"
Refreshing native plugins compatible for Editor in 64.29 ms, found 4 plugins.
Preloading 0 native plugins for Editor in 0.00 ms.
Initialize engine version: 2021.3.8f1 (b30333d56e81)
[Subsystems] Discovering subsystems at path C:/Program Files/Unity/Hub/Editor/2021.3.8f1/Editor/Data/Resources/UnitySubsystems
[Subsystems] Discovering subsystems at path C:/Users/wei/UnityProject/CattyGoHome/Assets
GfxDevice: creating device client; threaded=0; jobified=0
Direct3D:
    Version:  Direct3D 11.0 [level 11.1]
    Renderer: NVIDIA GeForce RTX 2060 (ID=0x1e89)
    Vendor:   NVIDIA
    VRAM:     5968 MB
    Driver:   27.21.14.5751
Initialize mono
Mono path[0] = 'C:/Program Files/Unity/Hub/Editor/2021.3.8f1/Editor/Data/Managed'
Mono path[1] = 'C:/Program Files/Unity/Hub/Editor/2021.3.8f1/Editor/Data/MonoBleedingEdge/lib/mono/unityjit-win32'
Mono config path = 'C:/Program Files/Unity/Hub/Editor/2021.3.8f1/Editor/Data/MonoBleedingEdge/etc'
Using monoOptions --debugger-agent=transport=dt_socket,embedding=1,server=y,suspend=n,address=127.0.0.1:56128
Begin MonoManager ReloadAssembly
Registering precompiled unity dll's ...
Register platform support module: C:/Program Files/Unity/Hub/Editor/2021.3.8f1/Editor/Data/PlaybackEngines/WebGLSupport/UnityEditor.WebGL.Extensions.dll
Register platform support module: C:/Program Files/Unity/Hub/Editor/2021.3.8f1/Editor/Data/PlaybackEngines/AndroidPlayer/UnityEditor.Android.Extensions.dll
Register platform support module: C:/Program Files/Unity/Hub/Editor/2021.3.8f1/Editor/Data/PlaybackEngines/iOSSupport/UnityEditor.iOS.Extensions.dll
Register platform support module: C:/Program Files/Unity/Hub/Editor/2021.3.8f1/Editor/Data/PlaybackEngines/WindowsStandaloneSupport/UnityEditor.WindowsStandalone.Extensions.dll
Registered in 0.003143 seconds.
Native extension for WindowsStandalone target not found
[usbmuxd] Start listen thread
[usbmuxd] Listen thread started
Native extension for iOS target not found
Native extension for Android target not found
Native extension for WebGL target not found
Refreshing native plugins compatible for Editor in 61.40 ms, found 4 plugins.
Preloading 0 native plugins for Editor in 0.00 ms.
Mono: successfully reloaded assembly
- Completed reload, in  0.413 seconds
Domain Reload Profiling:
	ReloadAssembly (413ms)
		BeginReloadAssembly (45ms)
			ExecutionOrderSort (0ms)
			DisableScriptedObjects (0ms)
			BackupInstance (0ms)
			ReleaseScriptingObjects (0ms)
			CreateAndSetChildDomain (1ms)
		EndReloadAssembly (303ms)
			LoadAssemblies (44ms)
			RebuildTransferFunctionScriptingTraits (0ms)
			SetupTypeCache (66ms)
			ReleaseScriptCaches (0ms)
			RebuildScriptCaches (16ms)
			SetupLoadedEditorAssemblies (189ms)
				LogAssemblyErrors (0ms)
				InitializePlatformSupportModulesInManaged (41ms)
				SetLoadedEditorAssemblies (0ms)
				RefreshPlugins (61ms)
				BeforeProcessingInitializeOnLoad (1ms)
				ProcessInitializeOnLoadAttributes (58ms)
				ProcessInitializeOnLoadMethodAttributes (28ms)
				AfterProcessingInitializeOnLoad (0ms)
				EditorAssembliesLoaded (0ms)
			ExecutionOrderSort2 (0ms)
			AwakeInstancesAfterBackupRestoration (0ms)
Platform modules already initialized, skipping
Registering precompiled user dll's ...
Registered in 0.004544 seconds.
Begin MonoManager ReloadAssembly
Symbol file LoadedFromMemory doesn't match image C:\Users\wei\UnityProject\CattyGoHome\Library\PackageCache\com.unity.visualscripting@1.7.8\Editor\VisualScripting.Core\Dependencies\YamlDotNet\Unity.VisualScripting.YamlDotNet.dll
Symbol file LoadedFromMemory doesn't match image C:\Users\wei\UnityProject\CattyGoHome\Library\PackageCache\com.unity.visualscripting@1.7.8\Editor\VisualScripting.Core\Dependencies\DotNetZip\Unity.VisualScripting.IonicZip.dll
Native extension for WindowsStandalone target not found
Native extension for iOS target not found
Native extension for Android target not found
Native extension for WebGL target not found
Refreshing native plugins compatible for Editor in 59.79 ms, found 4 plugins.
Preloading 0 native plugins for Editor in 0.00 ms.
Mono: successfully reloaded assembly
- Completed reload, in  0.835 seconds
Domain Reload Profiling:
	ReloadAssembly (836ms)
		BeginReloadAssembly (182ms)
			ExecutionOrderSort (0ms)
			DisableScriptedObjects (3ms)
			BackupInstance (0ms)
			ReleaseScriptingObjects (0ms)
			CreateAndSetChildDomain (127ms)
		EndReloadAssembly (583ms)
			LoadAssemblies (55ms)
			RebuildTransferFunctionScriptingTraits (0ms)
			SetupTypeCache (153ms)
			ReleaseScriptCaches (0ms)
			RebuildScriptCaches (35ms)
			SetupLoadedEditorAssemblies (307ms)
				LogAssemblyErrors (0ms)
				InitializePlatformSupportModulesInManaged (15ms)
				SetLoadedEditorAssemblies (0ms)
				RefreshPlugins (60ms)
				BeforeProcessingInitializeOnLoad (58ms)
				ProcessInitializeOnLoadAttributes (142ms)
				ProcessInitializeOnLoadMethodAttributes (29ms)
				AfterProcessingInitializeOnLoad (3ms)
				EditorAssembliesLoaded (0ms)
			ExecutionOrderSort2 (0ms)
			AwakeInstancesAfterBackupRestoration (4ms)
Platform modules already initialized, skipping
========================================================================
Worker process is ready to serve import requests
Launched and connected shader compiler UnityShaderCompiler.exe after 0.02 seconds
Refreshing native plugins compatible for Editor in 0.51 ms, found 4 plugins.
Preloading 0 native plugins for Editor in 0.00 ms.
Unloading 4067 Unused Serialized files (Serialized files now loaded: 0)
Unloading 44 unused Assets / (222.7 KB). Loaded Objects now: 4519.
Memory consumption went from 151.3 MB to 151.1 MB.
Total: 2.344700 ms (FindLiveObjects: 0.175600 ms CreateObjectMapping: 0.087900 ms MarkObjects: 1.965200 ms  DeleteObjects: 0.115400 ms)

AssetImportParameters requested are different than current active one (requested -> active):
  custom:video-decoder-ogg-theora: a1e56fd34408186e4bbccfd4996cb3dc -> 
  custom:container-muxer-webm: aa71ff27fc2769a1b78a27578f13a17b -> 
  custom:container-demuxer-webm: 4f35f7cbe854078d1ac9338744f61a02 -> 
  custom:video-encoder-webm-vp8: eb34c28f22e8b96e1ab97ce403110664 -> 
  custom:audio-encoder-webm-vorbis: bf7c407c2cedff20999df2af8eb42d56 -> 
  custom:framework-win-MediaFoundation: 216162199b28c13a410421893ffa2e32 -> 
  custom:container-demuxer-ogg: 62fdf1f143b41e24485cea50d1cbac27 -> 
  custom:video-decoder-webm-vp8: 9c59270c3fd7afecdb556c50c9e8de78 -> 
  custom:audio-decoder-ogg-vorbis: bf7c407c2cedff20999df2af8eb42d56 -> 
========================================================================
Received Import Request.
  Time since last request: 35257.651551 seconds.
  path: Assets/NYAN_dots/Sprites/Move/Walk/Black_Walk2.png
  artifactKey: Guid(febb8cbe55f58394788837d8517bc2b8) Importer(815301076,1909f56bfc062723c751e8b465ee728b)
Start importing Assets/NYAN_dots/Sprites/Move/Walk/Black_Walk2.png using Guid(febb8cbe55f58394788837d8517bc2b8) Importer(815301076,1909f56bfc062723c751e8b465ee728b)  -> (artifact id: '7cfe2c5b758e7bc78be69ade1d5223a5') in 0.106078 seconds 
========================================================================
Received Import Request.
  Time since last request: 0.000020 seconds.
  path: Assets/NYAN_dots/Sprites/Move/Walk/Calico_Walk1.png
  artifactKey: Guid(2b9ab6afdbb069e4fb8d770f350782f6) Importer(815301076,1909f56bfc062723c751e8b465ee728b)
Start importing Assets/NYAN_dots/Sprites/Move/Walk/Calico_Walk1.png using Guid(2b9ab6afdbb069e4fb8d770f350782f6) Importer(815301076,1909f56bfc062723c751e8b465ee728b)  -> (artifact id: 'c4846f168d26309364d8cf520fc70771') in 0.042491 seconds 
========================================================================
Received Import Request.
  Time since last request: 0.000029 seconds.
  path: Assets/NYAN_dots/Sprites/Move/Walk/Tabby_Walk1.png
  artifactKey: Guid(5e1029b6d45ff164b977008ae5fcffb0) Importer(815301076,1909f56bfc062723c751e8b465ee728b)
Start importing Assets/NYAN_dots/Sprites/Move/Walk/Tabby_Walk1.png using Guid(5e1029b6d45ff164b977008ae5fcffb0) Importer(815301076,1909f56bfc062723c751e8b465ee728b)  -> (artifact id: '97f38579b25475fda45261bb4b0bcd44') in 0.037684 seconds 
========================================================================
Received Import Request.
  Time since last request: 0.000022 seconds.
  path: Assets/NYAN_dots/Sprites/Move/Walk/White_Walk2.png
  artifactKey: Guid(4f3edaaa691ba7a44bcad34b499c8122) Importer(815301076,1909f56bfc062723c751e8b465ee728b)
Start importing Assets/NYAN_dots/Sprites/Move/Walk/White_Walk2.png using Guid(4f3edaaa691ba7a44bcad34b499c8122) Importer(815301076,1909f56bfc062723c751e8b465ee728b)  -> (artifact id: 'd9a83dca4db780125f83eb272c11179a') in 0.038114 seconds 
========================================================================
Received Import Request.
  Time since last request: 11.940245 seconds.
  path: Assets/NYAN_dots/Sprites/Other16/Calico/Calico_dig.png
  artifactKey: Guid(af8a160e179323c4883853c506bf8cfc) Importer(815301076,1909f56bfc062723c751e8b465ee728b)
Start importing Assets/NYAN_dots/Sprites/Other16/Calico/Calico_dig.png using Guid(af8a160e179323c4883853c506bf8cfc) Importer(815301076,1909f56bfc062723c751e8b465ee728b)  -> (artifact id: 'b21c35b27cf1fb1460efd466ade9098f') in 0.016693 seconds 
========================================================================
Received Import Request.
  Time since last request: 0.000019 seconds.
  path: Assets/NYAN_dots/Sprites/Other16/Calico/Calico_paw.png
  artifactKey: Guid(dde93fb07620c2f49840f814d6cc24ea) Importer(815301076,1909f56bfc062723c751e8b465ee728b)
Start importing Assets/NYAN_dots/Sprites/Other16/Calico/Calico_paw.png using Guid(dde93fb07620c2f49840f814d6cc24ea) Importer(815301076,1909f56bfc062723c751e8b465ee728b)  -> (artifact id: 'e9857a47e4792025f703ca573d5410c1') in 0.018137 seconds 
========================================================================
Received Import Request.
  Time since last request: 0.000024 seconds.
  path: Assets/NYAN_dots/Sprites/Other16/Calico/Calico_sleep3.png
  artifactKey: Guid(6200fc8c4a4a2fe4f8713f649e2f6b37) Importer(815301076,1909f56bfc062723c751e8b465ee728b)
Start importing Assets/NYAN_dots/Sprites/Other16/Calico/Calico_sleep3.png using Guid(6200fc8c4a4a2fe4f8713f649e2f6b37) Importer(815301076,1909f56bfc062723c751e8b465ee728b)  -> (artifact id: 'e655b3d622315554dd3648b9250d0e2c') in 0.016784 seconds 
========================================================================
Received Import Request.
  Time since last request: 0.000017 seconds.
  path: Assets/NYAN_dots/Sprites/Other16/Calico/Calico_tail.png
  artifactKey: Guid(beb6df4c0fd042849b4170168d3ee533) Importer(815301076,1909f56bfc062723c751e8b465ee728b)
Start importing Assets/NYAN_dots/Sprites/Other16/Calico/Calico_tail.png using Guid(beb6df4c0fd042849b4170168d3ee533) Importer(815301076,1909f56bfc062723c751e8b465ee728b)  -> (artifact id: '8f0f9a15bb673ec7a9fec3d2e38e4c8a') in 0.017556 seconds 
========================================================================
Received Import Request.
  Time since last request: 0.000035 seconds.
  path: Assets/NYAN_dots/Sprites/Other16/Calico/Calico_stretch.png
  artifactKey: Guid(d86ee83ccb4cc69499ba2fbfa0093f87) Importer(815301076,1909f56bfc062723c751e8b465ee728b)
Start importing Assets/NYAN_dots/Sprites/Other16/Calico/Calico_stretch.png using Guid(d86ee83ccb4cc69499ba2fbfa0093f87) Importer(815301076,1909f56bfc062723c751e8b465ee728b)  -> (artifact id: 'b79cd1b65ef781f9c5ef180c77f6d278') in 0.018626 seconds 
========================================================================
Received Import Request.
  Time since last request: 0.000027 seconds.
  path: Assets/NYAN_dots/Sprites/Other16/Calico/Calico_relax.png
  artifactKey: Guid(6dd1735f2fabbdb4c9b0153e78dfd561) Importer(815301076,1909f56bfc062723c751e8b465ee728b)
Start importing Assets/NYAN_dots/Sprites/Other16/Calico/Calico_relax.png using Guid(6dd1735f2fabbdb4c9b0153e78dfd561) Importer(815301076,1909f56bfc062723c751e8b465ee728b)  -> (artifact id: '515f34f5fb39fd6e6b9d7e49d5671e43') in 0.017284 seconds 
Editor requested this worker to shutdown with reason: Scaling down because of idle timeout
AssetImportWorker is now disconnected from the server
Process exiting
Exiting without the bug reporter. Application will terminate with return code 0